#
# A fatal error has been detected by the Java Runtime Environment:
#
#  EXCEPTION_ACCESS_VIOLATION (0xc0000005) at pc=0x000000005bc67e86, pid=5904, tid=8232
#
# JRE version: Java(TM) SE Runtime Environment (8.0_51-b16) (build 1.8.0_51-b16)
# Java VM: Java HotSpot(TM) 64-Bit Server VM (25.51-b03 mixed mode windows-amd64 compressed oops)
# Problematic frame:
# V  [jvm.dll+0x407e86]
#
# Failed to write core dump. Minidumps are not enabled by default on client versions of Windows
#
# If you would like to submit a bug report, please visit:
#   http://bugreport.java.com/bugreport/crash.jsp
#

---------------  T H R E A D  ---------------

Current thread (0x0000000019922000):  JavaThread "C1 CompilerThread3" daemon [_thread_in_native, id=8232, stack(0x0000000019f90000,0x000000001a090000)]

siginfo: ExceptionCode=0xc0000005, reading address 0x0000000000000018

Registers:
RAX=0x000000001aa83480, RBX=0x000000001a08efa0, RCX=0x000000001aa83480, RDX=0x0000000000000064
RSP=0x000000001a08eca0, RBP=0x0000000000000064, RSI=0x0000000000000064, RDI=0x00000000198f76c0
R8 =0x000000001aa83350, R9 =0x0000000000000000, R10=0x000000001aa82f90, R11=0x0000000021886e10
R12=0x0000000000000000, R13=0x000000001aa83350, R14=0x0000000000000000, R15=0x0000000000000000
RIP=0x000000005bc67e86, EFLAGS=0x0000000000010206

Top of Stack: (sp=0x000000001a08eca0)
0x000000001a08eca0:   0000000000000000 000000005bc6297e
0x000000001a08ecb0:   000000000000001b 0000000000000001
0x000000001a08ecc0:   000000001a08efa0 0000000000000001
0x000000001a08ecd0:   00000000198f76c0 000000005bc7272b
0x000000001a08ece0:   000000001a08efa0 0000000000000064
0x000000001a08ecf0:   0000000000000000 0000000000000000
0x000000001a08ed00:   0000000000000000 0000000000000000
0x000000001a08ed10:   0000000000000064 0000000000000001
0x000000001a08ed20:   000000001a08efa0 000000005bc759ef
0x000000001a08ed30:   00000000199f7687 000000001a08eda0
0x000000001a08ed40:   0000000000000000 000000001aa83210
0x000000001a08ed50:   00000000199f5370 00000000199f52c0
0x000000001a08ed60:   00000000199f7687 0000000000000000
0x000000001a08ed70:   0000000000000000 00000000199f7600
0x000000001a08ed80:   00000000199f76a4 00000000199f7688
0x000000001a08ed90:   0000006400000064 0000000000000001 

Instructions: (pc=0x000000005bc67e86)
0x000000005bc67e66:   5f c3 cc cc cc cc cc cc cc cc 48 89 5c 24 08 48
0x000000005bc67e76:   89 6c 24 10 48 89 74 24 18 57 48 83 ec 30 8b f2
0x000000005bc67e86:   49 8b 51 18 48 8b e9 49 8b 48 18 49 8b d9 49 8b
0x000000005bc67e96:   f8 e8 14 56 c8 ff 4c 8b cf 44 8b c6 48 8b d0 48 


Register to memory mapping:

RAX=0x000000001aa83480 is an unknown value
RBX=0x000000001a08efa0 is pointing into the stack for thread: 0x0000000019922000
RCX=0x000000001aa83480 is an unknown value
RDX=0x0000000000000064 is an unknown value
RSP=0x000000001a08eca0 is pointing into the stack for thread: 0x0000000019922000
RBP=0x0000000000000064 is an unknown value
RSI=0x0000000000000064 is an unknown value
RDI=0x00000000198f76c0 is an unknown value
R8 =0x000000001aa83350 is an unknown value
R9 =0x0000000000000000 is an unknown value
R10=0x000000001aa82f90 is an unknown value
R11=0x0000000021886e10 is an unknown value
R12=0x0000000000000000 is an unknown value
R13=0x000000001aa83350 is an unknown value
R14=0x0000000000000000 is an unknown value
R15=0x0000000000000000 is an unknown value


Stack: [0x0000000019f90000,0x000000001a090000],  sp=0x000000001a08eca0,  free space=1019k
Native frames: (J=compiled Java code, j=interpreted, Vv=VM code, C=native code)
V  [jvm.dll+0x407e86]
V  [jvm.dll+0x41272b]
V  [jvm.dll+0x4159ef]
V  [jvm.dll+0x416afd]
V  [jvm.dll+0x416ef2]
V  [jvm.dll+0x41bfe5]
V  [jvm.dll+0x41c0f0]
V  [jvm.dll+0x405f88]
V  [jvm.dll+0x4061f1]
V  [jvm.dll+0x4063b2]
V  [jvm.dll+0x406581]
V  [jvm.dll+0x40678f]
V  [jvm.dll+0xa43a2]
V  [jvm.dll+0xa4cdf]
V  [jvm.dll+0x2418a4]
V  [jvm.dll+0x29846a]
C  [msvcr100.dll+0x21d9f]
C  [msvcr100.dll+0x21e3b]
C  [KERNEL32.DLL+0x12d92]
C  [ntdll.dll+0x9f64]


Current CompileTask:
C1: 487959 6436       3       nz.daved.starbattle.game.Coordinate::takeFromX (164 bytes)


---------------  P R O C E S S  ---------------

Java Threads: ( => current thread )
  0x000000001e0e0000 JavaThread "pool-1-thread-2" [_thread_blocked, id=4168, stack(0x000000001edc0000,0x000000001eec0000)]
  0x000000001e0dd000 JavaThread "pool-1-thread-1" [_thread_blocked, id=9756, stack(0x00000000008c0000,0x00000000009c0000)]
  0x000000001babe800 JavaThread "Scheduler-67749199" [_thread_blocked, id=14892, stack(0x000000001f3c0000,0x000000001f4c0000)]
  0x000000001babd800 JavaThread "SeedGenerator Thread" daemon [_thread_blocked, id=14612, stack(0x000000001f2c0000,0x000000001f3c0000)]
  0x000000001babb800 JavaThread "derby.rawStoreDaemon" daemon [_thread_blocked, id=4704, stack(0x0000000032250000,0x0000000032350000)]
  0x000000001baba000 JavaThread "Timer-0" daemon [_thread_blocked, id=11060, stack(0x0000000031f30000,0x0000000032030000)]
  0x000000001bab8800 JavaThread "FileSystemWatcher: files=#11 cl=WebAppClassLoader=/Capstone@5460cf3a" daemon [_thread_blocked, id=14136, stack(0x00000000207c0000,0x00000000208c0000)]
  0x000000001baba800 JavaThread "org.eclipse.jetty.server.session.HashSessionManager@74e47444Timer" daemon [_thread_blocked, id=8200, stack(0x0000000027b10000,0x0000000027c10000)]
  0x000000001babc000 JavaThread "qtp346359559-23" [_thread_blocked, id=6616, stack(0x0000000021b30000,0x0000000021c30000)]
  0x000000001bab9000 JavaThread "qtp346359559-22-selector-ServerConnectorManager@4c792caf/0" [_thread_in_native, id=15720, stack(0x000000001f4d0000,0x000000001f5d0000)]
  0x000000001d8e4800 JavaThread "qtp346359559-20-acceptor-0@ddaa723-ServerConnector@3e40bff{HTTP/1.1}{0.0.0.0:8080}" [_thread_in_native, id=1504, stack(0x000000001f0c0000,0x000000001f1c0000)]
  0x000000001d312000 JavaThread "qtp346359559-18-selector-ServerConnectorManager@4c792caf/2" [_thread_in_native, id=1432, stack(0x000000001eec0000,0x000000001efc0000)]
  0x000000001c52b800 JavaThread "qtp346359559-16-selector-ServerConnectorManager@4c792caf/1" [_thread_in_native, id=4220, stack(0x000000001ecc0000,0x000000001edc0000)]
  0x000000001c52a800 JavaThread "qtp346359559-15-selector-ServerConnectorManager@4c792caf/3" [_thread_in_native, id=12652, stack(0x000000001ebc0000,0x000000001ecc0000)]
  0x000000001dadb800 JavaThread "qtp346359559-14" [_thread_blocked, id=11128, stack(0x000000001e8a0000,0x000000001e9a0000)]
  0x000000001dada800 JavaThread "qtp346359559-13" [_thread_blocked, id=15800, stack(0x000000001ca30000,0x000000001cb30000)]
  0x00000000199fe000 JavaThread "Service Thread" daemon [_thread_blocked, id=7284, stack(0x000000001a090000,0x000000001a190000)]
=>0x0000000019922000 JavaThread "C1 CompilerThread3" daemon [_thread_in_native, id=8232, stack(0x0000000019f90000,0x000000001a090000)]
  0x00000000198f9000 JavaThread "C2 CompilerThread2" daemon [_thread_blocked, id=13500, stack(0x0000000019e90000,0x0000000019f90000)]
  0x00000000198f6000 JavaThread "C2 CompilerThread1" daemon [_thread_blocked, id=8932, stack(0x0000000019d90000,0x0000000019e90000)]
  0x000000001991a000 JavaThread "C2 CompilerThread0" daemon [_thread_blocked, id=15656, stack(0x0000000019c90000,0x0000000019d90000)]
  0x00000000196c1800 JavaThread "Attach Listener" daemon [_thread_blocked, id=16132, stack(0x0000000019b90000,0x0000000019c90000)]
  0x00000000196bf000 JavaThread "Signal Dispatcher" daemon [_thread_blocked, id=4244, stack(0x0000000019a90000,0x0000000019b90000)]
  0x000000000268d800 JavaThread "Finalizer" daemon [_thread_blocked, id=6540, stack(0x0000000019590000,0x0000000019690000)]
  0x0000000002687000 JavaThread "Reference Handler" daemon [_thread_blocked, id=14988, stack(0x0000000019490000,0x0000000019590000)]
  0x000000000258c800 JavaThread "main" [_thread_in_native, id=8440, stack(0x00000000021e0000,0x00000000022e0000)]

Other Threads:
  0x00000000176a9800 VMThread [stack: 0x0000000019390000,0x0000000019490000] [id=2688]
  0x00000000199fe800 WatcherThread [stack: 0x000000001a190000,0x000000001a290000] [id=2516]

VM state:not at safepoint (normal execution)

VM Mutex/Monitor currently owned by a thread: None

Heap:
 PSYoungGen      total 420352K, used 254332K [0x00000000d5800000, 0x00000000f9c80000, 0x0000000100000000)
  eden space 364544K, 60% used [0x00000000d5800000,0x00000000e2f9e5a8,0x00000000ebc00000)
  from space 55808K, 60% used [0x00000000ebc00000,0x00000000edcc0dd8,0x00000000ef280000)
  to   space 56832K, 0% used [0x00000000f6500000,0x00000000f6500000,0x00000000f9c80000)
 ParOldGen       total 119296K, used 42835K [0x0000000080800000, 0x0000000087c80000, 0x00000000d5800000)
  object space 119296K, 35% used [0x0000000080800000,0x00000000831d4de0,0x0000000087c80000)
 Metaspace       used 53481K, capacity 54674K, committed 54912K, reserved 1097728K
  class space    used 6085K, capacity 6660K, committed 6784K, reserved 1048576K

Card table byte_map: [0x0000000011a50000,0x0000000011e50000] byte_map_base: 0x000000001164c000

Marking Bits: (ParMarkBitMap*) 0x000000005c064040
 Begin Bits: [0x0000000012900000, 0x00000000148e0000)
 End Bits:   [0x00000000148e0000, 0x00000000168c0000)

Polling page: 0x0000000000a00000

CodeCache: size=245760Kb used=19220Kb max_used=19232Kb free=226539Kb
 bounds [0x0000000002690000, 0x0000000003970000, 0x0000000011690000]
 total_blobs=6081 nmethods=5175 adapters=818
 compilation: enabled

Compilation events (10 events):
Event: 487.846 Thread 0x0000000019922000 6434       3       org.objectweb.asm.MethodWriter::visitMethodInsn (220 bytes)
Event: 487.846 Thread 0x0000000019922000 nmethod 6434 0x00000000039682d0 code [0x00000000039684c0, 0x0000000003968b48]
Event: 487.846 Thread 0x0000000019922000 6435       3       org.objectweb.asm.ClassWriter::a (91 bytes)
Event: 487.847 Thread 0x0000000019922000 nmethod 6435 0x0000000003968ed0 code [0x00000000039690c0, 0x0000000003969738]
Event: 487.847 Thread 0x0000000019922000 6432       3       nz.ac.massey.cs.ig.languages.java.verifier.DependencyChecker::checkTypeAccess (32 bytes)
Event: 487.847 Thread 0x0000000019922000 nmethod 6432 0x0000000003969b90 code [0x0000000003969d00, 0x000000000396a038]
Event: 487.847 Thread 0x0000000019922000 6433       3       org.apache.logging.log4j.core.config.DefaultConfigurationMonitor::checkConfiguration (1 bytes)
Event: 487.847 Thread 0x0000000019922000 nmethod 6433 0x0000000003964d10 code [0x0000000003964e60, 0x0000000003964fb0]
Event: 487.848 Thread 0x0000000019922000 6436       3       nz.daved.starbattle.game.Coordinate::takeFromX (164 bytes)
Event: 487.849 Thread 0x000000001991a000 nmethod 6430 0x000000000396d090 code [0x000000000396d1e0, 0x000000000396d518]

GC Heap History (10 events):
Event: 4.680 GC heap before
{Heap before GC invocations=9 (full 0):
 PSYoungGen      total 278528K, used 244592K [0x00000000d5800000, 0x00000000ea800000, 0x0000000100000000)
  eden space 252928K, 86% used [0x00000000d5800000,0x00000000e2ddfd00,0x00000000e4f00000)
  from space 25600K, 99% used [0x00000000e7500000,0x00000000e8dfc638,0x00000000e8e00000)
  to   space 38912K, 0% used [0x00000000e4f00000,0x00000000e4f00000,0x00000000e7500000)
 ParOldGen       total 87552K, used 52564K [0x0000000080800000, 0x0000000085d80000, 0x00000000d5800000)
  object space 87552K, 60% used [0x0000000080800000,0x0000000083b551a0,0x0000000085d80000)
 Metaspace       used 20729K, capacity 21198K, committed 21296K, reserved 1069056K
  class space    used 2340K, capacity 2508K, committed 2560K, reserved 1048576K
Event: 4.770 GC heap after
Heap after GC invocations=9 (full 0):
 PSYoungGen      total 291840K, used 38888K [0x00000000d5800000, 0x00000000f5480000, 0x0000000100000000)
  eden space 252928K, 0% used [0x00000000d5800000,0x00000000d5800000,0x00000000e4f00000)
  from space 38912K, 99% used [0x00000000e4f00000,0x00000000e74fa208,0x00000000e7500000)
  to   space 57856K, 0% used [0x00000000f1c00000,0x00000000f1c00000,0x00000000f5480000)
 ParOldGen       total 87552K, used 82601K [0x0000000080800000, 0x0000000085d80000, 0x00000000d5800000)
  object space 87552K, 94% used [0x0000000080800000,0x00000000858aa470,0x0000000085d80000)
 Metaspace       used 20729K, capacity 21198K, committed 21296K, reserved 1069056K
  class space    used 2340K, capacity 2508K, committed 2560K, reserved 1048576K
}
Event: 4.770 GC heap before
{Heap before GC invocations=10 (full 1):
 PSYoungGen      total 291840K, used 38888K [0x00000000d5800000, 0x00000000f5480000, 0x0000000100000000)
  eden space 252928K, 0% used [0x00000000d5800000,0x00000000d5800000,0x00000000e4f00000)
  from space 38912K, 99% used [0x00000000e4f00000,0x00000000e74fa208,0x00000000e7500000)
  to   space 57856K, 0% used [0x00000000f1c00000,0x00000000f1c00000,0x00000000f5480000)
 ParOldGen       total 87552K, used 82601K [0x0000000080800000, 0x0000000085d80000, 0x00000000d5800000)
  object space 87552K, 94% used [0x0000000080800000,0x00000000858aa470,0x0000000085d80000)
 Metaspace       used 20729K, capacity 21198K, committed 21296K, reserved 1069056K
  class space    used 2340K, capacity 2508K, committed 2560K, reserved 1048576K
Event: 4.887 GC heap after
Heap after GC invocations=10 (full 1):
 PSYoungGen      total 291840K, used 0K [0x00000000d5800000, 0x00000000f5480000, 0x0000000100000000)
  eden space 252928K, 0% used [0x00000000d5800000,0x00000000d5800000,0x00000000e4f00000)
  from space 38912K, 0% used [0x00000000e4f00000,0x00000000e4f00000,0x00000000e7500000)
  to   space 57856K, 0% used [0x00000000f1c00000,0x00000000f1c00000,0x00000000f5480000)
 ParOldGen       total 148480K, used 77061K [0x0000000080800000, 0x0000000089900000, 0x00000000d5800000)
  object space 148480K, 51% used [0x0000000080800000,0x0000000085341730,0x0000000089900000)
 Metaspace       used 20729K, capacity 21198K, committed 21296K, reserved 1069056K
  class space    used 2340K, capacity 2508K, committed 2560K, reserved 1048576K
}
Event: 6.638 GC heap before
{Heap before GC invocations=11 (full 1):
 PSYoungGen      total 291840K, used 235263K [0x00000000d5800000, 0x00000000f5480000, 0x0000000100000000)
  eden space 252928K, 93% used [0x00000000d5800000,0x00000000e3dbfd80,0x00000000e4f00000)
  from space 38912K, 0% used [0x00000000e4f00000,0x00000000e4f00000,0x00000000e7500000)
  to   space 57856K, 0% used [0x00000000f1c00000,0x00000000f1c00000,0x00000000f5480000)
 ParOldGen       total 148480K, used 77061K [0x0000000080800000, 0x0000000089900000, 0x00000000d5800000)
  object space 148480K, 51% used [0x0000000080800000,0x0000000085341730,0x0000000089900000)
 Metaspace       used 34927K, capacity 35418K, committed 35496K, reserved 1081344K
  class space    used 3924K, capacity 4090K, committed 4096K, reserved 1048576K
Event: 6.655 GC heap after
Heap after GC invocations=11 (full 1):
 PSYoungGen      total 369664K, used 13135K [0x00000000d5800000, 0x00000000f2900000, 0x0000000100000000)
  eden space 356352K, 0% used [0x00000000d5800000,0x00000000d5800000,0x00000000eb400000)
  from space 13312K, 98% used [0x00000000f1c00000,0x00000000f28d3d08,0x00000000f2900000)
  to   space 55808K, 0% used [0x00000000ebc00000,0x00000000ebc00000,0x00000000ef280000)
 ParOldGen       total 148480K, used 77069K [0x0000000080800000, 0x0000000089900000, 0x00000000d5800000)
  object space 148480K, 51% used [0x0000000080800000,0x0000000085343730,0x0000000089900000)
 Metaspace       used 34927K, capacity 35418K, committed 35496K, reserved 1081344K
  class space    used 3924K, capacity 4090K, committed 4096K, reserved 1048576K
}
Event: 6.655 GC heap before
{Heap before GC invocations=12 (full 2):
 PSYoungGen      total 369664K, used 13135K [0x00000000d5800000, 0x00000000f2900000, 0x0000000100000000)
  eden space 356352K, 0% used [0x00000000d5800000,0x00000000d5800000,0x00000000eb400000)
  from space 13312K, 98% used [0x00000000f1c00000,0x00000000f28d3d08,0x00000000f2900000)
  to   space 55808K, 0% used [0x00000000ebc00000,0x00000000ebc00000,0x00000000ef280000)
 ParOldGen       total 148480K, used 77069K [0x0000000080800000, 0x0000000089900000, 0x00000000d5800000)
  object space 148480K, 51% used [0x0000000080800000,0x0000000085343730,0x0000000089900000)
 Metaspace       used 34927K, capacity 35418K, committed 35496K, reserved 1081344K
  class space    used 3924K, capacity 4090K, committed 4096K, reserved 1048576K
Event: 6.712 GC heap after
Heap after GC invocations=12 (full 2):
 PSYoungGen      total 369664K, used 0K [0x00000000d5800000, 0x00000000f2900000, 0x0000000100000000)
  eden space 356352K, 0% used [0x00000000d5800000,0x00000000d5800000,0x00000000eb400000)
  from space 13312K, 0% used [0x00000000f1c00000,0x00000000f1c00000,0x00000000f2900000)
  to   space 55808K, 0% used [0x00000000ebc00000,0x00000000ebc00000,0x00000000ef280000)
 ParOldGen       total 119296K, used 33046K [0x0000000080800000, 0x0000000087c80000, 0x00000000d5800000)
  object space 119296K, 27% used [0x0000000080800000,0x0000000082845b40,0x0000000087c80000)
 Metaspace       used 34927K, capacity 35418K, committed 35496K, reserved 1081344K
  class space    used 3924K, capacity 4090K, committed 4096K, reserved 1048576K
}
Event: 66.337 GC heap before
{Heap before GC invocations=13 (full 2):
 PSYoungGen      total 369664K, used 356352K [0x00000000d5800000, 0x00000000f2900000, 0x0000000100000000)
  eden space 356352K, 100% used [0x00000000d5800000,0x00000000eb400000,0x00000000eb400000)
  from space 13312K, 0% used [0x00000000f1c00000,0x00000000f1c00000,0x00000000f2900000)
  to   space 55808K, 0% used [0x00000000ebc00000,0x00000000ebc00000,0x00000000ef280000)
 ParOldGen       total 119296K, used 42819K [0x0000000080800000, 0x0000000087c80000, 0x00000000d5800000)
  object space 119296K, 35% used [0x0000000080800000,0x00000000831d0de0,0x0000000087c80000)
 Metaspace       used 51736K, capacity 52812K, committed 53120K, reserved 1095680K
  class space    used 5913K, capacity 6463K, committed 6528K, reserved 1048576K
Event: 66.373 GC heap after
Heap after GC invocations=13 (full 2):
 PSYoungGen      total 420352K, used 33539K [0x00000000d5800000, 0x00000000f9c80000, 0x0000000100000000)
  eden space 364544K, 0% used [0x00000000d5800000,0x00000000d5800000,0x00000000ebc00000)
  from space 55808K, 60% used [0x00000000ebc00000,0x00000000edcc0dd8,0x00000000ef280000)
  to   space 56832K, 0% used [0x00000000f6500000,0x00000000f6500000,0x00000000f9c80000)
 ParOldGen       total 119296K, used 42835K [0x0000000080800000, 0x0000000087c80000, 0x00000000d5800000)
  object space 119296K, 35% used [0x0000000080800000,0x00000000831d4de0,0x0000000087c80000)
 Metaspace       used 51736K, capacity 52812K, committed 53120K, reserved 1095680K
  class space    used 5913K, capacity 6463K, committed 6528K, reserved 1048576K
}

Deoptimization events (10 events):
Event: 66.491 Thread 0x000000001c01d000 Uncommon trap: reason=bimorphic action=maybe_recompile pc=0x00000000030ecd9c method=com.sun.tools.javac.code.Type$ClassType.allparams()Lcom/sun/tools/javac/util/List; @ 9
Event: 66.491 Thread 0x000000001c01d000 Uncommon trap: reason=class_check action=maybe_recompile pc=0x0000000003584678 method=com.sun.tools.javac.code.Types$18.visitClassType(Lcom/sun/tools/javac/code/Type$ClassType;Ljava/lang/Void;)Lcom/sun/tools/javac/code/Type; @ 19
Event: 66.491 Thread 0x000000001c01d000 Uncommon trap: reason=bimorphic action=maybe_recompile pc=0x00000000030ecd9c method=com.sun.tools.javac.code.Type$ClassType.allparams()Lcom/sun/tools/javac/util/List; @ 9
Event: 66.500 Thread 0x000000001c01d000 Uncommon trap: reason=null_check action=maybe_recompile pc=0x0000000002e15f80 method=org.springsource.loaded.TypeRegistry.isReloadableTypeName(Ljava/lang/String;Ljava/security/ProtectionDomain;[B)Z @ 406
Event: 66.500 Thread 0x000000001c01d000 Uncommon trap: reason=unloaded action=reinterpret pc=0x000000000352b374 method=org.springsource.loaded.agent.ClassPreProcessorAgentAdapter.transform(Ljava/lang/ClassLoader;Ljava/lang/String;Ljava/lang/Class;Ljava/security/ProtectionDomain;[B)[B @ 206
Event: 66.503 Thread 0x000000001c01d000 Uncommon trap: reason=unstable_if action=reinterpret pc=0x00000000030591e8 method=java.util.Arrays.equals([B[B)Z @ 2
Event: 66.507 Thread 0x000000001c01d000 Uncommon trap: reason=null_check action=maybe_recompile pc=0x0000000002e15f80 method=org.springsource.loaded.TypeRegistry.isReloadableTypeName(Ljava/lang/String;Ljava/security/ProtectionDomain;[B)Z @ 406
Event: 66.525 Thread 0x000000001c01d000 Uncommon trap: reason=null_check action=maybe_recompile pc=0x0000000002e15f80 method=org.springsource.loaded.TypeRegistry.isReloadableTypeName(Ljava/lang/String;Ljava/security/ProtectionDomain;[B)Z @ 406
Event: 449.917 Thread 0x000000001dadb800 Uncommon trap: reason=range_check action=make_not_entrant pc=0x000000000372a568 method=java.lang.String.charAt(I)C @ 27
Event: 449.917 Thread 0x000000001dadb800 Uncommon trap: reason=unstable_if action=reinterpret pc=0x0000000003306720 method=java.io.WinNTFileSystem.isLetter(C)Z @ 15

Internal exceptions (10 events):
Event: 487.834 Thread 0x000000001dadb800 Exception <a 'java/io/FileNotFoundException'> (0x00000000e2d65f40) thrown at [C:\re\workspace\8-2-build-windows-amd64-cygwin\jdk8u51\3951\hotspot\src\share\vm\prims\jni.cpp, line 709]
Event: 487.834 Thread 0x000000001dadb800 Exception <a 'java/io/FileNotFoundException'> (0x00000000e2d672f0) thrown at [C:\re\workspace\8-2-build-windows-amd64-cygwin\jdk8u51\3951\hotspot\src\share\vm\prims\jni.cpp, line 709]
Event: 487.834 Thread 0x000000001dadb800 Exception <a 'java/io/FileNotFoundException'> (0x00000000e2d686a8) thrown at [C:\re\workspace\8-2-build-windows-amd64-cygwin\jdk8u51\3951\hotspot\src\share\vm\prims\jni.cpp, line 709]
Event: 487.834 Thread 0x000000001dadb800 Exception <a 'java/io/FileNotFoundException'> (0x00000000e2d69a58) thrown at [C:\re\workspace\8-2-build-windows-amd64-cygwin\jdk8u51\3951\hotspot\src\share\vm\prims\jni.cpp, line 709]
Event: 487.835 Thread 0x000000001dadb800 Exception <a 'java/io/FileNotFoundException'> (0x00000000e2d6ae30) thrown at [C:\re\workspace\8-2-build-windows-amd64-cygwin\jdk8u51\3951\hotspot\src\share\vm\prims\jni.cpp, line 709]
Event: 487.848 Thread 0x000000001dadb800 Exception <a 'java/lang/ArrayIndexOutOfBoundsException'> (0x00000000e2f0af28) thrown at [C:\re\workspace\8-2-build-windows-amd64-cygwin\jdk8u51\3951\hotspot\src\share\vm\runtime\sharedRuntime.cpp, line 605]
Event: 487.848 Thread 0x000000001dadb800 Exception <a 'java/lang/ArrayIndexOutOfBoundsException'> (0x00000000e2f0cff0) thrown at [C:\re\workspace\8-2-build-windows-amd64-cygwin\jdk8u51\3951\hotspot\src\share\vm\runtime\sharedRuntime.cpp, line 605]
Event: 487.849 Thread 0x000000001dadb800 Exception <a 'java/lang/ArrayIndexOutOfBoundsException'> (0x00000000e2f0e1a0) thrown at [C:\re\workspace\8-2-build-windows-amd64-cygwin\jdk8u51\3951\hotspot\src\share\vm\runtime\sharedRuntime.cpp, line 605]
Event: 487.849 Thread 0x000000001e0dd000 Exception <a 'java/lang/NullPointerException'> (0x00000000d6fb9868) thrown at [C:\re\workspace\8-2-build-windows-amd64-cygwin\jdk8u51\3951\hotspot\src\share\vm\interpreter\linkResolver.cpp, line 1178]
Event: 487.849 Thread 0x000000001e0dd000 Exception <a 'java/lang/NullPointerException'> (0x00000000d6fb9a18) thrown at [C:\re\workspace\8-2-build-windows-amd64-cygwin\jdk8u51\3951\hotspot\src\share\vm\interpreter\linkResolver.cpp, line 1178]

Events (10 events):
Event: 485.726 Thread 0x0000000019922000 flushing nmethod 0x000000000309fd10
Event: 485.727 Thread 0x0000000019922000 flushing nmethod 0x0000000003318d50
Event: 485.729 Thread 0x0000000019922000 flushing nmethod 0x000000000350bc90
Event: 485.729 Thread 0x0000000019922000 flushing nmethod 0x00000000035282d0
Event: 485.729 Thread 0x0000000019922000 flushing nmethod 0x0000000003590650
Event: 485.729 Thread 0x0000000019922000 flushing nmethod 0x00000000035b52d0
Event: 485.729 Thread 0x0000000019922000 flushing nmethod 0x00000000035b7c90
Event: 485.730 Thread 0x0000000019922000 flushing nmethod 0x0000000003684010
Event: 485.769 Executing VM operation: BulkRevokeBias
Event: 485.769 Executing VM operation: BulkRevokeBias done


Dynamic libraries:
0x00007ff759ac0000 - 0x00007ff759af7000 	C:\Program Files\Java\jdk1.8.0_51\bin\java.exe
0x00007fff0b010000 - 0x00007fff0b1d1000 	C:\WINDOWS\SYSTEM32\ntdll.dll
0x00007fff0a760000 - 0x00007fff0a80d000 	C:\WINDOWS\system32\KERNEL32.DLL
0x00007fff081c0000 - 0x00007fff0839d000 	C:\WINDOWS\system32\KERNELBASE.dll
0x00007fff0aa90000 - 0x00007fff0ab36000 	C:\WINDOWS\system32\ADVAPI32.dll
0x00007fff0af50000 - 0x00007fff0afed000 	C:\WINDOWS\system32\msvcrt.dll
0x00007fff088c0000 - 0x00007fff0891b000 	C:\WINDOWS\system32\sechost.dll
0x00007fff0a960000 - 0x00007fff0aa86000 	C:\WINDOWS\system32\RPCRT4.dll
0x00007fff0a810000 - 0x00007fff0a95e000 	C:\WINDOWS\system32\USER32.dll
0x00007fff0a390000 - 0x00007fff0a516000 	C:\WINDOWS\system32\GDI32.dll
0x00007fff032e0000 - 0x00007fff03554000 	C:\WINDOWS\WinSxS\amd64_microsoft.windows.common-controls_6595b64144ccf1df_6.0.10240.16384_none_f41f7b285750ef43\COMCTL32.dll
0x00007fff08880000 - 0x00007fff088b6000 	C:\WINDOWS\system32\IMM32.DLL
0x00007fff08a70000 - 0x00007fff08bcc000 	C:\WINDOWS\system32\MSCTF.dll
0x000000005c0f0000 - 0x000000005c1c2000 	C:\Program Files\Java\jdk1.8.0_51\jre\bin\msvcr100.dll
0x000000005b860000 - 0x000000005c0e3000 	C:\Program Files\Java\jdk1.8.0_51\jre\bin\server\jvm.dll
0x00007fff0a750000 - 0x00007fff0a758000 	C:\WINDOWS\system32\PSAPI.DLL
0x00007fff05ee0000 - 0x00007fff05ee9000 	C:\WINDOWS\SYSTEM32\WSOCK32.dll
0x00007fff05a90000 - 0x00007fff05ab3000 	C:\WINDOWS\SYSTEM32\WINMM.dll
0x00007fff03d20000 - 0x00007fff03d2a000 	C:\WINDOWS\SYSTEM32\VERSION.dll
0x00007fff0ab40000 - 0x00007fff0aba9000 	C:\WINDOWS\system32\WS2_32.dll
0x00007fff08bd0000 - 0x00007fff08bd8000 	C:\WINDOWS\system32\NSI.dll
0x00007fff05990000 - 0x00007fff059bc000 	C:\WINDOWS\SYSTEM32\WINMMBASE.dll
0x00007fff07b40000 - 0x00007fff07b84000 	C:\WINDOWS\system32\cfgmgr32.dll
0x00007fff063b0000 - 0x00007fff063d7000 	C:\WINDOWS\SYSTEM32\DEVOBJ.dll
0x000000005b850000 - 0x000000005b85f000 	C:\Program Files\Java\jdk1.8.0_51\jre\bin\verify.dll
0x000000005b820000 - 0x000000005b849000 	C:\Program Files\Java\jdk1.8.0_51\jre\bin\java.dll
0x000000005b780000 - 0x000000005b7a3000 	C:\Program Files\Java\jdk1.8.0_51\jre\bin\instrument.dll
0x000000005b800000 - 0x000000005b816000 	C:\Program Files\Java\jdk1.8.0_51\jre\bin\zip.dll
0x00007fff08e60000 - 0x00007fff0a382000 	C:\WINDOWS\system32\SHELL32.dll
0x00007fff07b90000 - 0x00007fff081b9000 	C:\WINDOWS\system32\windows.storage.dll
0x00007fff0ac70000 - 0x00007fff0aeec000 	C:\WINDOWS\system32\combase.dll
0x00007fff0aef0000 - 0x00007fff0af41000 	C:\WINDOWS\system32\shlwapi.dll
0x00007fff07a60000 - 0x00007fff07a6f000 	C:\WINDOWS\system32\kernel.appcore.dll
0x00007fff08450000 - 0x00007fff08503000 	C:\WINDOWS\system32\shcore.dll
0x00007fff07a70000 - 0x00007fff07aba000 	C:\WINDOWS\system32\powrprof.dll
0x00007fff07ac0000 - 0x00007fff07ad3000 	C:\WINDOWS\system32\profapi.dll
0x000000005b7e0000 - 0x000000005b7fa000 	C:\Program Files\Java\jdk1.8.0_51\jre\bin\net.dll
0x00007fff072b0000 - 0x00007fff0730d000 	C:\WINDOWS\system32\mswsock.dll
0x00007ffefa0b0000 - 0x00007ffefa0c5000 	C:\WINDOWS\system32\napinsp.dll
0x00007ffefa0d0000 - 0x00007ffefa0ea000 	C:\WINDOWS\system32\pnrpnsp.dll
0x00007fff02a70000 - 0x00007fff02a88000 	C:\WINDOWS\system32\NLAapi.dll
0x00007fff06ff0000 - 0x00007fff07098000 	C:\WINDOWS\SYSTEM32\DNSAPI.dll
0x00007ffefa110000 - 0x00007ffefa11d000 	C:\WINDOWS\System32\winrnr.dll
0x00007ffefa120000 - 0x00007ffefa135000 	C:\WINDOWS\system32\wshbth.dll
0x00007ffefe4d0000 - 0x00007ffefe4da000 	C:\Windows\System32\rasadhlp.dll
0x00007fff03b20000 - 0x00007fff03b58000 	C:\WINDOWS\SYSTEM32\IPHLPAPI.DLL
0x00007fff03ca0000 - 0x00007fff03cab000 	C:\WINDOWS\SYSTEM32\WINNSI.DLL
0x00007ffeffd10000 - 0x00007ffeffd78000 	C:\WINDOWS\System32\fwpuclnt.dll
0x00007fff07580000 - 0x00007fff075a8000 	C:\WINDOWS\SYSTEM32\bcrypt.dll
0x000000005b7b0000 - 0x000000005b7bd000 	C:\Program Files\Java\jdk1.8.0_51\jre\bin\management.dll
0x000000005b7c0000 - 0x000000005b7d1000 	C:\Program Files\Java\jdk1.8.0_51\jre\bin\nio.dll
0x000000005b750000 - 0x000000005b774000 	C:\Program Files\Java\jdk1.8.0_51\jre\bin\sunec.dll
0x00007fff02e90000 - 0x00007fff02ea6000 	C:\WINDOWS\SYSTEM32\dhcpcsvc6.DLL
0x00007fff03740000 - 0x00007fff0375a000 	C:\WINDOWS\SYSTEM32\dhcpcsvc.DLL
0x00007fff07410000 - 0x00007fff07427000 	C:\WINDOWS\SYSTEM32\CRYPTSP.dll
0x00007fff06f20000 - 0x00007fff06f53000 	C:\WINDOWS\system32\rsaenh.dll
0x00007fff07230000 - 0x00007fff0724f000 	C:\WINDOWS\SYSTEM32\USERENV.dll
0x00007fff07890000 - 0x00007fff078fb000 	C:\WINDOWS\system32\bcryptprimitives.dll
0x00007fff07480000 - 0x00007fff0748b000 	C:\WINDOWS\SYSTEM32\CRYPTBASE.dll
0x00007fff02420000 - 0x00007fff025aa000 	C:\WINDOWS\SYSTEM32\dbghelp.dll

VM Arguments:
jvm_args: -Djava.security.egd=file:/dev/./urandom -Dspringloaded=exclusions=org.akhikhl.gretty..* -javaagent:C:\Users\aidan\.gradle\caches\modules-2\files-2.1\org.springframework\springloaded\1.2.3.RELEASE\adb44a1feaae2d717b534fec52210f1838de4aed\springloaded-1.2.3.RELEASE.jar -Xverify:none -Dfile.encoding=windows-1252 -Duser.country=NZ -Duser.language=en -Duser.variant 
java_command: org.akhikhl.gretty.Runner --servicePort=54781 --statusPort=54782 --serverManagerFactory=org.akhikhl.gretty.ServerManagerFactory
java_class_path (initial): C:\Users\aidan\.gradle\caches\modules-2\files-2.1\org.akhikhl.gretty\gretty-runner-jetty9\1.2.4\3b61f6b1f807e9ccb5e78ba95bd8d708cb8c1fc3\gretty-runner-jetty9-1.2.4.jar;C:\Users\aidan\.gradle\caches\modules-2\files-2.1\org.ow2.asm\asm-commons\5.0.3\a7111830132c7f87d08fe48cb0ca07630f8cb91c\asm-commons-5.0.3.jar;C:\Users\aidan\.gradle\caches\modules-2\files-2.1\org.eclipse.jetty\jetty-webapp\9.2.10.v20150310\3fabcf3b8a2d0a6746bb85ec3f8687efa5b66d6c\jetty-webapp-9.2.10.v20150310.jar;C:\Users\aidan\.gradle\caches\modules-2\files-2.1\org.akhikhl.gretty\gretty-runner-jetty\1.2.4\ab18381e0a1de04341e4241fff5cf6371d1aca23\gretty-runner-jetty-1.2.4.jar;C:\Users\aidan\.gradle\caches\modules-2\files-2.1\org.ow2.asm\asm\5.0.3\dcc2193db20e19e1feca8b1240dbbc4e190824fa\asm-5.0.3.jar;C:\Users\aidan\.gradle\caches\modules-2\files-2.1\org.eclipse.jetty\jetty-jsp\9.2.10.v20150310\9e2c812cda7b8710c78b4df06c864f222d6b5383\jetty-jsp-9.2.10.v20150310.jar;C:\Users\aidan\.gradle\caches\modules-2\files-2.1\org.eclipse.jetty\jetty-annotations\9.2.10.v20150310\b9efc1d76f5d75678e21fdb7368975b880b976e5\jetty-annotations-9.2.10.v20150310.jar;C:\Users\aidan\.gradle\caches\modules-2\files-2.1\org.eclipse.jetty.websocket\javax-websocket-server-impl\9.2.10.v20150310\ac92051774354e83357cc6e899e5edfa66032eb4\javax-websocket-server-impl-9.2.10.v20150310.jar;C:\Users\aidan\.gradle\caches\modules-2\files-2.1\org.eclipse.jetty\jetty-server\9.2.10.v20150310\e6b8bff28b3e9ca6254415d2aa49603a5887fe8\jetty-server-9.2.10.v20150310.jar;C:\Users\aidan\.gradle\caches\modules-2\files-2.1\org.eclipse.jetty\jetty-servlet\9.2.10.v20150310\9e923adf1671af7da09dba778e132ab0a9c62415\jetty-servlet-9.2.10.v20150310.jar;C:\Users\aidan\.gradle\caches\modules-2\files-2.1\org.eclipse.jetty\jetty-security\9.2.10.v20150310\b56228088355023117ba9a9de0da00d652a7e655\jetty-security-9.2.10.v20150310.jar;C:\Users\aidan\.gradle\caches\modules-2\files-2.1\javax.servlet\javax.servlet-api\3.1.0\3cd63d075497751784b
Launcher Type: SUN_STANDARD

Environment Variables:
JAVA_HOME=C:\Program Files\Java\jdk1.8.0_51
CLASSPATH=C:\Program Files\gradle-2.6\bin\..\lib\gradle-launcher-2.6.jar
PATH=C:\ProgramData\Oracle\Java\javapath;C:\Windows\system32;C:\Windows;C:\Windows\System32\Wbem;C:\Windows\System32\WindowsPowerShell\v1.0\;C:\Program Files (x86)\NVIDIA Corporation\PhysX\Common;C:\WINDOWS\system32;C:\WINDOWS;C:\WINDOWS\System32\Wbem;C:\WINDOWS\System32\WindowsPowerShell\v1.0\;C:\Program Files (x86)\Git\cmd;C:\Program Files\gradle-2.6\bin;C:\Program Files\Java\jdk1.8.0_51\bin;C:\Program Files (x86)\Heroku\bin;C:\Program Files (x86)\git\cmd;C:\Program Files (x86)\Skype\Phone\;C:\TDM-GCC-64\bin;C:\WINDOWS\system32\config\systemprofile\.dnx\bin;C:\Program Files\Microsoft DNX\Dnvm\;C:\Program Files (x86)\Windows Kits\8.1\Windows Performance Toolkit\;C:\Program Files (x86)\Mercurial;C:\Users\aidan\AppData\Local\atom\bin;C:\Program Files\apache-maven-3.3.3\bin
USERNAME=aidan
OS=Windows_NT
PROCESSOR_IDENTIFIER=AMD64 Family 21 Model 2 Stepping 0, AuthenticAMD



---------------  S Y S T E M  ---------------

OS: Windows 10.0 , 64 bit Build 10240 (10.0.10240.16384)

CPU:total 8 (8 cores per cpu, 1 threads per core) family 21 model 2 stepping 0, cmov, cx8, fxsr, mmx, sse, sse2, sse3, ssse3, sse4.1, sse4.2, popcnt, avx, aes, clmul, mmxext, 3dnowpref, lzcnt, sse4a, tsc, tscinvbit, tscinv, bmi1

Memory: 4k page, physical 8352368k(3833964k free), swap 10056304k(3644244k free)

vm_info: Java HotSpot(TM) 64-Bit Server VM (25.51-b03) for windows-amd64 JRE (1.8.0_51-b16), built on Jun  8 2015 18:03:07 by "java_re" with MS VC++ 10.0 (VS2010)

time: Tue Sep 08 18:51:24 2015
elapsed time: 487 seconds (0d 0h 8m 7s)

